<?xml version='1.0' encoding='UTF-8'?>
<testsuite hostname="MacBook-Pro-3.local" name="tpu.SystArrTester" tests="1" errors="0" failures="0" skipped="0" time="0.007" timestamp="2023-03-14T15:47:49">
          <properties>
[...]
</properties>
          <testcase classname="tpu.SystArrTester" name="TPU syst arr test should multiply (1s row) x (1s column)" time="0.007">
                      
                    </testcase>
          <system-out><![CDATA[]]></system-out>
          <system-err><![CDATA[]]></system-err>
        </testsuite>