<?xml version='1.0' encoding='UTF-8'?>
<testsuite hostname="MacBook-Pro-3.local" name="tpu.TPUTester" tests="1" errors="0" failures="1" skipped="0" time="2.098" timestamp="2023-03-12T23:02:15">
          <properties>
[...]
</properties>
          <testcase classname="tpu.TPUTester" name="TPU test should mult one cycle" time="2.098">
                      <failure message="io_out_0_2=0 (0x0) did not equal expected=20 (0x14) (lines in TPUTester.scala: 248, 247, 124)" type="org.scalatest.exceptions.TestFailedException">org.scalatest.exceptions.TestFailedException: io_out_0_2=0 (0x0) did not equal expected=20 (0x14) (lines in TPUTester.scala: 248, 247, 124)
	at chiseltest.internal.TestEnvInterface.signalExpectFailure(TestEnvInterface.scala:58)
	at chiseltest.internal.TestEnvInterface.signalExpectFailure$(TestEnvInterface.scala:45)
	at tpu.TPUTester.signalExpectFailure(TPUTester.scala:114)
	at chiseltest.package$Utils$.expectFailed(package.scala:512)
	at chiseltest.package$Utils$.expectBits(package.scala:503)
	at chiseltest.package$testableSInt.expectInternal(package.scala:74)
	at chiseltest.package$testableSInt.expect(package.scala:76)
	at tpu.TPUTester.$anonfun$doTPUTest$9(TPUTester.scala:249)
	at scala.collection.immutable.Range.foreach$mVc$sp(Range.scala:190)
	at tpu.TPUTester.$anonfun$doTPUTest$8(TPUTester.scala:248)
	at scala.collection.immutable.Range.foreach$mVc$sp(Range.scala:190)
	at tpu.TPUTester.$anonfun$doTPUTest$2(TPUTester.scala:247)
	at tpu.TPUTester.$anonfun$doTPUTest$2$adapted(TPUTester.scala:124)
	at chiseltest.internal.GenericBackend.$anonfun$run$1(GenericBackend.scala:151)
	at chiseltest.internal.ThreadedBackend$TesterThread$$anon$1.$anonfun$run$1(ThreadedBackend.scala:495)
	at chiseltest.internal.GenericBackend.doTimescope(GenericBackend.scala:96)
	at chiseltest.internal.ThreadedBackend$TesterThread$$anon$1.run(ThreadedBackend.scala:495)
	at java.base/java.lang.Thread.run(Thread.java:1589)
Caused by: chiseltest.internal.FailedExpectException: io_out_0_2=0 (0x0) did not equal expected=20 (0x14) (lines in TPUTester.scala: 248, 247, 124)
	... 18 more
</failure>
                    </testcase>
          <system-out><![CDATA[]]></system-out>
          <system-err><![CDATA[]]></system-err>
        </testsuite>