<?xml version='1.0' encoding='UTF-8'?>
<testsuite hostname="alexlaptop" name="tpu.ActRegModelTester" tests="5" errors="0" failures="0" skipped="0" time="0.074" timestamp="2023-03-10T01:49:58">
          <properties>
[...]
</properties>
          <testcase classname="tpu.ActRegModelTester" name="ActRegModel should get the staggered input array" time="0.071">
                      
                    </testcase><testcase classname="tpu.ActRegModelTester" name="ActRegModel should get the staggered input array 2" time="0.001">
                      
                    </testcase><testcase classname="tpu.ActRegModelTester" name="ActRegModel should get the staggered input array 4x4" time="0.0">
                      
                    </testcase><testcase classname="tpu.ActRegModelTester" name="ActRegModel should get the staggered input array 4x3" time="0.001">
                      
                    </testcase><testcase classname="tpu.ActRegModelTester" name="ActRegModel should get the staggered input array 3x4" time="0.001">
                      
                    </testcase>
          <system-out><![CDATA[]]></system-out>
          <system-err><![CDATA[]]></system-err>
        </testsuite>