[0m[[0m[0mdebug[0m] [0m[0mRunning TaskDef(tpu.SystArrTester, org.scalatest.tools.Framework$$anon$1@1358b082, false, [SuiteSelector])[0m
[0m[[0m[0mdebug[0m] [0m[0mRunning TaskDef(tpu.ActRegModelTester, org.scalatest.tools.Framework$$anon$1@1358b082, false, [SuiteSelector])[0m
[0m[[0m[0mdebug[0m] [0m[0mRunning TaskDef(tpu.TPUTester, org.scalatest.tools.Framework$$anon$1@1358b082, false, [SuiteSelector])[0m
[0m[[0m[0minfo[0m] [0m[0m[32mActRegModelTester:[0m[0m
[0m[[0m[0minfo[0m] [0m[0m[32mActRegModel[0m[0m
[0m[[0m[0minfo[0m] [0m[0m[32m- should get the staggered input array[0m[0m
[0m[[0m[0minfo[0m] [0m[0m[32m- should get the staggered input array 2[0m[0m
[0m[[0m[0minfo[0m] [0m[0m[32m- should get the staggered input array 4x4[0m[0m
[0m[[0m[0minfo[0m] [0m[0m[32m- should get the staggered input array 4x3[0m[0m
[0m[[0m[0minfo[0m] [0m[0m[32m- should get the staggered input array 3x4[0m[0m
[0m[[0m[0minfo[0m] [0m[0m[32mSystArrTester:[0m[0m
[0m[[0m[0minfo[0m] [0m[0m[32mTPU syst arr test[0m[0m
[0m[[0m[0minfo[0m] [0m[0m[32m- should multiply (1s row) x (1s column)[0m[0m
[0m[[0m[0minfo[0m] [0m[0m[32mTPUTester:[0m[0m
[0m[[0m[0minfo[0m] [0m[0m[32mTPU test[0m[0m
[0m[[0m[0minfo[0m] [0m[0m[31m- should stagger a *** FAILED ***[0m[0m
[0m[[0m[0minfo[0m] [0m[0m[31m  io_out_0_0=0 (0x0) did not equal expected=50 (0x32) (lines in TPUTester.scala: 127, 126, 99) (TPUTester.scala:128)[0m[0m
[0m[[0m[0minfo[0m] [0m[0m[36mRun completed in 12 seconds, 438 milliseconds.[0m[0m
[0m[[0m[0minfo[0m] [0m[0m[36mTotal number of tests run: 7[0m[0m
[0m[[0m[0minfo[0m] [0m[0m[36mSuites: completed 3, aborted 0[0m[0m
[0m[[0m[0minfo[0m] [0m[0m[36mTests: succeeded 6, failed 1, canceled 0, ignored 0, pending 0[0m[0m
[0m[[0m[0minfo[0m] [0m[0m[31m*** 1 TEST FAILED ***[0m[0m
[0m[[0m[0mdebug[0m] [0m[0mPassed tests:[0m
[0m[[0m[0mdebug[0m] [0m[0m	tpu.SystArrTester[0m
[0m[[0m[0mdebug[0m] [0m[0m	tpu.ActRegModelTester[0m
[0m[[0m[31merror[0m] [0m[0mFailed tests:[0m
[0m[[0m[31merror[0m] [0m[0m	tpu.TPUTester[0m
[0m[[0m[31merror[0m] [0m[0m(Test / [31mtest[0m) sbt.TestsFailedException: Tests unsuccessful[0m
